<?xml version="1.0" encoding="UTF-8"?>
<testsuite name="TestMatrixMathematics" tests="6" skipped="0" failures="0" errors="0" timestamp="2018-12-02T13:23:12" hostname="DESKTOP-5FV5S2T" time="0.008">
  <properties/>
  <testcase name="testDeterminant2" classname="TestMatrixMathematics" time="0.004"/>
  <testcase name="testDeterminant3" classname="TestMatrixMathematics" time="0.0"/>
  <testcase name="testDeterminant" classname="TestMatrixMathematics" time="0.0"/>
  <testcase name="testCofactor" classname="TestMatrixMathematics" time="0.003"/>
  <testcase name="testInverse" classname="TestMatrixMathematics" time="0.0"/>
  <testcase name="testTranspose" classname="TestMatrixMathematics" time="0.0"/>
  <system-out><![CDATA[]]></system-out>
  <system-err><![CDATA[]]></system-err>
</testsuite>
